Using pre-set license
Built from '2021.3/staging' branch; Version is '2021.3.3f1 (af2e63e8f9bd) revision 11480675'; Using compiler version '192829333'; Build Type 'Release'
OS: 'Windows 11  (10.0.22000) 64bit Core' Language: 'en' Physical Memory: 15776 MB
BatchMode: 1, IsHumanControllingUs: 0, StartBugReporterOnCrash: 0, Is64bit: 1, IsPro: 1

COMMAND LINE ARGUMENTS:
C:\Program Files\Unity\Hub\Editor\2021.3.3f1\Editor\Unity.exe
-adb2
-batchMode
-noUpm
-name
AssetImportWorker6
-projectPath
C:/Users/waffl/Documents/GitHub/ig-its-2d-now
-logFile
Logs/AssetImportWorker6.log
-srvPort
51601
Successfully changed project path to: C:/Users/waffl/Documents/GitHub/ig-its-2d-now
C:/Users/waffl/Documents/GitHub/ig-its-2d-now
[UnityMemory] Configuration Parameters - Can be set up in boot.config
    "memorysetup-bucket-allocator-granularity=16"
    "memorysetup-bucket-allocator-bucket-count=8"
    "memorysetup-bucket-allocator-block-size=33554432"
    "memorysetup-bucket-allocator-block-count=8"
    "memorysetup-main-allocator-block-size=16777216"
    "memorysetup-thread-allocator-block-size=16777216"
    "memorysetup-gfx-main-allocator-block-size=16777216"
    "memorysetup-gfx-thread-allocator-block-size=16777216"
    "memorysetup-cache-allocator-block-size=4194304"
    "memorysetup-typetree-allocator-block-size=2097152"
    "memorysetup-profiler-bucket-allocator-granularity=16"
    "memorysetup-profiler-bucket-allocator-bucket-count=8"
    "memorysetup-profiler-bucket-allocator-block-size=33554432"
    "memorysetup-profiler-bucket-allocator-block-count=8"
    "memorysetup-profiler-allocator-block-size=16777216"
    "memorysetup-profiler-editor-allocator-block-size=1048576"
    "memorysetup-temp-allocator-size-main=16777216"
    "memorysetup-job-temp-allocator-block-size=2097152"
    "memorysetup-job-temp-allocator-block-size-background=1048576"
    "memorysetup-job-temp-allocator-reduction-small-platforms=262144"
    "memorysetup-temp-allocator-size-background-worker=32768"
    "memorysetup-temp-allocator-size-job-worker=262144"
    "memorysetup-temp-allocator-size-preload-manager=33554432"
    "memorysetup-temp-allocator-size-nav-mesh-worker=65536"
    "memorysetup-temp-allocator-size-audio-worker=65536"
    "memorysetup-temp-allocator-size-cloud-worker=32768"
    "memorysetup-temp-allocator-size-gi-baking-worker=262144"
    "memorysetup-temp-allocator-size-gfx=262144"
Refreshing native plugins compatible for Editor in 93.81 ms, found 5 plugins.
Preloading 0 native plugins for Editor in 0.00 ms.
Initialize engine version: 2021.3.3f1 (af2e63e8f9bd)
[Subsystems] Discovering subsystems at path C:/Program Files/Unity/Hub/Editor/2021.3.3f1/Editor/Data/Resources/UnitySubsystems
[Subsystems] Discovering subsystems at path C:/Users/waffl/Documents/GitHub/ig-its-2d-now/Assets
GfxDevice: creating device client; threaded=0; jobified=0
Direct3D:
    Version:  Direct3D 11.0 [level 11.1]
    Renderer: NVIDIA GeForce RTX 3070 Laptop GPU (ID=0x249d)
    Vendor:   NVIDIA
    VRAM:     8044 MB
    Driver:   30.0.15.1295
Initialize mono
Mono path[0] = 'C:/Program Files/Unity/Hub/Editor/2021.3.3f1/Editor/Data/Managed'
Mono path[1] = 'C:/Program Files/Unity/Hub/Editor/2021.3.3f1/Editor/Data/MonoBleedingEdge/lib/mono/unityjit-win32'
Mono config path = 'C:/Program Files/Unity/Hub/Editor/2021.3.3f1/Editor/Data/MonoBleedingEdge/etc'
Using monoOptions --debugger-agent=transport=dt_socket,embedding=1,server=y,suspend=n,address=127.0.0.1:56328
Begin MonoManager ReloadAssembly
Registering precompiled unity dll's ...
Register platform support module: C:/Program Files/Unity/Hub/Editor/2021.3.3f1/Editor/Data/PlaybackEngines/WebGLSupport/UnityEditor.WebGL.Extensions.dll
Register platform support module: C:/Program Files/Unity/Hub/Editor/2021.3.3f1/Editor/Data/PlaybackEngines/WindowsStandaloneSupport/UnityEditor.WindowsStandalone.Extensions.dll
Registered in 0.003969 seconds.
Native extension for WindowsStandalone target not found
Native extension for WebGL target not found
Refreshing native plugins compatible for Editor in 82.64 ms, found 5 plugins.
Preloading 0 native plugins for Editor in 0.00 ms.
Mono: successfully reloaded assembly
- Completed reload, in  0.546 seconds
Domain Reload Profiling:
	ReloadAssembly (546ms)
		BeginReloadAssembly (57ms)
			ExecutionOrderSort (0ms)
			DisableScriptedObjects (0ms)
			BackupInstance (0ms)
			ReleaseScriptingObjects (0ms)
			CreateAndSetChildDomain (1ms)
		EndReloadAssembly (403ms)
			LoadAssemblies (55ms)
			RebuildTransferFunctionScriptingTraits (0ms)
			SetupTypeCache (89ms)
			ReleaseScriptCaches (0ms)
			RebuildScriptCaches (26ms)
			SetupLoadedEditorAssemblies (241ms)
				LogAssemblyErrors (0ms)
				InitializePlatformSupportModulesInManaged (7ms)
				SetLoadedEditorAssemblies (0ms)
				RefreshPlugins (83ms)
				BeforeProcessingInitializeOnLoad (1ms)
				ProcessInitializeOnLoadAttributes (114ms)
				ProcessInitializeOnLoadMethodAttributes (36ms)
				AfterProcessingInitializeOnLoad (0ms)
				EditorAssembliesLoaded (0ms)
			ExecutionOrderSort2 (0ms)
			AwakeInstancesAfterBackupRestoration (0ms)
Platform modules already initialized, skipping
Registering precompiled user dll's ...
Registered in 0.005598 seconds.
Begin MonoManager ReloadAssembly
Native extension for WindowsStandalone target not found
Native extension for WebGL target not found
Refreshing native plugins compatible for Editor in 89.33 ms, found 5 plugins.
Preloading 0 native plugins for Editor in 0.00 ms.
Mono: successfully reloaded assembly
- Completed reload, in  1.135 seconds
Domain Reload Profiling:
	ReloadAssembly (1136ms)
		BeginReloadAssembly (95ms)
			ExecutionOrderSort (0ms)
			DisableScriptedObjects (5ms)
			BackupInstance (0ms)
			ReleaseScriptingObjects (0ms)
			CreateAndSetChildDomain (20ms)
		EndReloadAssembly (945ms)
			LoadAssemblies (72ms)
			RebuildTransferFunctionScriptingTraits (0ms)
			SetupTypeCache (228ms)
			ReleaseScriptCaches (1ms)
			RebuildScriptCaches (76ms)
			SetupLoadedEditorAssemblies (526ms)
				LogAssemblyErrors (0ms)
				InitializePlatformSupportModulesInManaged (5ms)
				SetLoadedEditorAssemblies (0ms)
				RefreshPlugins (89ms)
				BeforeProcessingInitializeOnLoad (94ms)
				ProcessInitializeOnLoadAttributes (282ms)
				ProcessInitializeOnLoadMethodAttributes (50ms)
				AfterProcessingInitializeOnLoad (4ms)
				EditorAssembliesLoaded (0ms)
			ExecutionOrderSort2 (0ms)
			AwakeInstancesAfterBackupRestoration (5ms)
Platform modules already initialized, skipping
========================================================================
Worker process is ready to serve import requests
Launched and connected shader compiler UnityShaderCompiler.exe after 0.05 seconds
Refreshing native plugins compatible for Editor in 2.91 ms, found 5 plugins.
Preloading 0 native plugins for Editor in 0.00 ms.
Unloading 5102 Unused Serialized files (Serialized files now loaded: 0)
Unloading 118 unused Assets / (4.9 MB). Loaded Objects now: 5509.
Memory consumption went from 358.9 MB to 354.0 MB.
Total: 4.330700 ms (FindLiveObjects: 0.388800 ms CreateObjectMapping: 0.164700 ms MarkObjects: 2.849800 ms  DeleteObjects: 0.926500 ms)

AssetImportParameters requested are different than current active one (requested -> active):
  custom:video-decoder-ogg-theora: a1e56fd34408186e4bbccfd4996cb3dc -> 
  custom:container-muxer-webm: aa71ff27fc2769a1b78a27578f13a17b -> 
  custom:container-demuxer-webm: 4f35f7cbe854078d1ac9338744f61a02 -> 
  custom:video-encoder-webm-vp8: eb34c28f22e8b96e1ab97ce403110664 -> 
  custom:video-codec-MediaFoundation-h265: 746d11721c4dcdbdad8f713fa42b33f4 -> 
  custom:audio-encoder-webm-vorbis: bf7c407c2cedff20999df2af8eb42d56 -> 
  custom:framework-win-MediaFoundation: 216162199b28c13a410421893ffa2e32 -> 
  custom:container-demuxer-ogg: 62fdf1f143b41e24485cea50d1cbac27 -> 
  custom:video-decoder-webm-vp8: 9c59270c3fd7afecdb556c50c9e8de78 -> 
  custom:audio-decoder-ogg-vorbis: bf7c407c2cedff20999df2af8eb42d56 -> 
========================================================================
Received Import Request.
  Time since last request: 20911.845166 seconds.
  path: Assets/Plugins/FMOD/images/ArrowIcon.png
  artifactKey: Guid(01c0101f357b9da4ba78b8f58c290f86) Importer(815301076,1909f56bfc062723c751e8b465ee728b)
Start importing Assets/Plugins/FMOD/images/ArrowIcon.png using Guid(01c0101f357b9da4ba78b8f58c290f86) Importer(815301076,1909f56bfc062723c751e8b465ee728b)  -> (artifact id: '3b7485ee3d7dd3542ea653b0f64fa8d0') in 0.100201 seconds 
========================================================================
Received Import Request.
  Time since last request: 0.000048 seconds.
  path: Assets/Ciconia Studio/Shaders/_Shared Files/Textures/Grayscale Map/Crys.png
  artifactKey: Guid(08bfefe890a504e44a80c3a621c99ab7) Importer(815301076,1909f56bfc062723c751e8b465ee728b)
Start importing Assets/Ciconia Studio/Shaders/_Shared Files/Textures/Grayscale Map/Crys.png using Guid(08bfefe890a504e44a80c3a621c99ab7) Importer(815301076,1909f56bfc062723c751e8b465ee728b)  -> (artifact id: '38a78c8af7ee8d932fb9f51b3a86178f') in 0.028149 seconds 
========================================================================
Received Import Request.
  Time since last request: 0.000044 seconds.
  path: Assets/Plugins/FMOD/images/ContinuousParameterIcon.png
  artifactKey: Guid(b92803770616fc747bc3c40ffaec0a42) Importer(815301076,1909f56bfc062723c751e8b465ee728b)
Start importing Assets/Plugins/FMOD/images/ContinuousParameterIcon.png using Guid(b92803770616fc747bc3c40ffaec0a42) Importer(815301076,1909f56bfc062723c751e8b465ee728b)  -> (artifact id: '93846b9d7fc8e4db8d67d811b2da842e') in 0.015424 seconds 
========================================================================
Received Import Request.
  Time since last request: 0.000041 seconds.
  path: Assets/Plugins/FMOD/images/BrowserIcon.png
  artifactKey: Guid(c783b763d12874147876e070661b66ab) Importer(815301076,1909f56bfc062723c751e8b465ee728b)
Start importing Assets/Plugins/FMOD/images/BrowserIcon.png using Guid(c783b763d12874147876e070661b66ab) Importer(815301076,1909f56bfc062723c751e8b465ee728b)  -> (artifact id: '7fc15ac4ebd254c3bcd46992e826b514') in 0.022405 seconds 
========================================================================
Received Import Request.
  Time since last request: 0.000036 seconds.
  path: Assets/Ciconia Studio/_Shared Files/UI/Button_Arrow.png
  artifactKey: Guid(198f74c858279a0438be1e92fca53b7b) Importer(815301076,1909f56bfc062723c751e8b465ee728b)
Start importing Assets/Ciconia Studio/_Shared Files/UI/Button_Arrow.png using Guid(198f74c858279a0438be1e92fca53b7b) Importer(815301076,1909f56bfc062723c751e8b465ee728b)  -> (artifact id: '8f74fc7fecd6928e8e5134e41b24ffa0') in 0.076124 seconds 
========================================================================
Received Import Request.
  Time since last request: 0.000044 seconds.
  path: Assets/Plugins/FMOD/images/CrossYellow.png
  artifactKey: Guid(348d2265b48c67342a4db2a7062813fa) Importer(815301076,1909f56bfc062723c751e8b465ee728b)
Start importing Assets/Plugins/FMOD/images/CrossYellow.png using Guid(348d2265b48c67342a4db2a7062813fa) Importer(815301076,1909f56bfc062723c751e8b465ee728b)  -> (artifact id: '3a2f2e00f43984cf83eaf377c406bae0') in 0.012055 seconds 
========================================================================
Received Import Request.
  Time since last request: 0.000051 seconds.
  path: Assets/Crystal Bundle/textures/Crystal_Bundle_1.png
  artifactKey: Guid(18d9e6a5ce234184e814b49f6e566bab) Importer(815301076,1909f56bfc062723c751e8b465ee728b)
Start importing Assets/Crystal Bundle/textures/Crystal_Bundle_1.png using Guid(18d9e6a5ce234184e814b49f6e566bab) Importer(815301076,1909f56bfc062723c751e8b465ee728b)  -> (artifact id: 'bcbd63174f68a5ad0c208843d077e45e') in 0.016628 seconds 
========================================================================
Received Import Request.
  Time since last request: 6.128733 seconds.
  path: Assets/Map/d6ana_003.png
  artifactKey: Guid(a0253445b85d64a418e62a1349e0b152) Importer(815301076,1909f56bfc062723c751e8b465ee728b)
Start importing Assets/Map/d6ana_003.png using Guid(a0253445b85d64a418e62a1349e0b152) Importer(815301076,1909f56bfc062723c751e8b465ee728b)  -> (artifact id: '35db79967a41723a78945b0c3ac506a2') in 0.019281 seconds 
========================================================================
Received Import Request.
  Time since last request: 0.000044 seconds.
  path: Assets/Map/d6gake_03.png
  artifactKey: Guid(33046317c724c984889737aafb88b399) Importer(815301076,1909f56bfc062723c751e8b465ee728b)
Start importing Assets/Map/d6gake_03.png using Guid(33046317c724c984889737aafb88b399) Importer(815301076,1909f56bfc062723c751e8b465ee728b)  -> (artifact id: '6a0464c3768279744cadc5a6966c953d') in 0.017847 seconds 
========================================================================
Received Import Request.
  Time since last request: 0.000043 seconds.
  path: Assets/Map/d6yuka_001.png
  artifactKey: Guid(b62af67d4e0012146b8cf4abc7246e1b) Importer(815301076,1909f56bfc062723c751e8b465ee728b)
Start importing Assets/Map/d6yuka_001.png using Guid(b62af67d4e0012146b8cf4abc7246e1b) Importer(815301076,1909f56bfc062723c751e8b465ee728b)  -> (artifact id: 'ac5668fa17cd0186b304979bc76d17fe') in 0.023854 seconds 
========================================================================
Received Import Request.
  Time since last request: 0.000039 seconds.
  path: Assets/Map/d6gake_02_2.png
  artifactKey: Guid(e47ab86d8c7db154f96e5a8fc3ed7f1f) Importer(815301076,1909f56bfc062723c751e8b465ee728b)
Start importing Assets/Map/d6gake_02_2.png using Guid(e47ab86d8c7db154f96e5a8fc3ed7f1f) Importer(815301076,1909f56bfc062723c751e8b465ee728b)  -> (artifact id: 'ee095d277aa00ca0d25a2e49e01a19c7') in 0.018780 seconds 
========================================================================
Received Import Request.
  Time since last request: 0.000040 seconds.
  path: Assets/Plugins/FMOD/images/DiscreteParameterIcon.png
  artifactKey: Guid(509563e7079a6ed4cbf3b3240327e702) Importer(815301076,1909f56bfc062723c751e8b465ee728b)
Start importing Assets/Plugins/FMOD/images/DiscreteParameterIcon.png using Guid(509563e7079a6ed4cbf3b3240327e702) Importer(815301076,1909f56bfc062723c751e8b465ee728b)  -> (artifact id: 'a4f8dd32ecab3667b639f60a66988b68') in 0.019268 seconds 
========================================================================
Received Import Request.
  Time since last request: 0.000085 seconds.
  path: Assets/Plugins/FMOD/images/EventIcon.png
  artifactKey: Guid(a602f206f9cb31f439c79a2fe23687c5) Importer(815301076,1909f56bfc062723c751e8b465ee728b)
Start importing Assets/Plugins/FMOD/images/EventIcon.png using Guid(a602f206f9cb31f439c79a2fe23687c5) Importer(815301076,1909f56bfc062723c751e8b465ee728b)  -> (artifact id: 'd0c4211fb5802d9f853756e9790303d8') in 0.022721 seconds 
========================================================================
Received Import Request.
  Time since last request: 0.116687 seconds.
  path: Assets/Plugins/FMOD/images/FolderIconOpen.png
  artifactKey: Guid(d2b54e4f7f80b9448a41d3c5985f5672) Importer(815301076,1909f56bfc062723c751e8b465ee728b)
Start importing Assets/Plugins/FMOD/images/FolderIconOpen.png using Guid(d2b54e4f7f80b9448a41d3c5985f5672) Importer(815301076,1909f56bfc062723c751e8b465ee728b)  -> (artifact id: 'f76d5e600a2f065a329c289604073afd') in 0.016991 seconds 
========================================================================
Received Import Request.
  Time since last request: 0.000029 seconds.
  path: Assets/Ciconia Studio/_Shared Files/Materials/HDRI/kloofendal_48d_partly_cloudy_2k.hdr
  artifactKey: Guid(24221340d09832b43a4bf61292fff36d) Importer(815301076,1909f56bfc062723c751e8b465ee728b)
Start importing Assets/Ciconia Studio/_Shared Files/Materials/HDRI/kloofendal_48d_partly_cloudy_2k.hdr using Guid(24221340d09832b43a4bf61292fff36d) Importer(815301076,1909f56bfc062723c751e8b465ee728b)  -> (artifact id: '2a3f96c76b782fd424e091302ca05c58') in 0.077663 seconds 
========================================================================
Received Import Request.
  Time since last request: 0.000062 seconds.
  path: Assets/Ciconia Studio/_Shared Files/Demo Environment/Textures/Miscellaneous/GridBox_CSDemo_NoGrid.png
  artifactKey: Guid(953144cb18f7f6140b354697b74d93ec) Importer(815301076,1909f56bfc062723c751e8b465ee728b)
Start importing Assets/Ciconia Studio/_Shared Files/Demo Environment/Textures/Miscellaneous/GridBox_CSDemo_NoGrid.png using Guid(953144cb18f7f6140b354697b74d93ec) Importer(815301076,1909f56bfc062723c751e8b465ee728b)  -> (artifact id: 'fe6042001d19aa06518d1332ac2646a1') in 0.015407 seconds 
========================================================================
Received Import Request.
  Time since last request: 0.000024 seconds.
  path: Assets/Ciconia Studio/_Shared Files/Demo Environment/Textures/Asphalt/Ground_Asphalt_BaseColor.png
  artifactKey: Guid(5da468cccf8ead54992c6231788b60f7) Importer(815301076,1909f56bfc062723c751e8b465ee728b)
Start importing Assets/Ciconia Studio/_Shared Files/Demo Environment/Textures/Asphalt/Ground_Asphalt_BaseColor.png using Guid(5da468cccf8ead54992c6231788b60f7) Importer(815301076,1909f56bfc062723c751e8b465ee728b)  -> (artifact id: '5f964b6b8cda1ced6dc6cd3678814de4') in 0.019742 seconds 
========================================================================
Received Import Request.
  Time since last request: 0.069107 seconds.
  path: Assets/Ciconia Studio/Shaders/_Shared Files/Textures/Logo_2020_2K2.png
  artifactKey: Guid(e937af7b265e5324c80530ca8184137c) Importer(815301076,1909f56bfc062723c751e8b465ee728b)
Start importing Assets/Ciconia Studio/Shaders/_Shared Files/Textures/Logo_2020_2K2.png using Guid(e937af7b265e5324c80530ca8184137c) Importer(815301076,1909f56bfc062723c751e8b465ee728b)  -> (artifact id: 'fb81ad6355cca90f9b5ccd118713991f') in 0.022679 seconds 
========================================================================
Received Import Request.
  Time since last request: 0.000042 seconds.
  path: Assets/Plugins/FMOD/images/NotFound.png
  artifactKey: Guid(1138ab068176f29499337d7a73dfecd9) Importer(815301076,1909f56bfc062723c751e8b465ee728b)
Start importing Assets/Plugins/FMOD/images/NotFound.png using Guid(1138ab068176f29499337d7a73dfecd9) Importer(815301076,1909f56bfc062723c751e8b465ee728b)  -> (artifact id: '9c1f992698d1591a3455a45a1eac9801') in 0.017204 seconds 
========================================================================
Received Import Request.
  Time since last request: 0.027589 seconds.
  path: Assets/Samples/High Definition RP/12.1.6/Particle System Shader Samples/Textures/particle_normalmap.png
  artifactKey: Guid(1518ae1992671ad45b09d3b59ee04b3f) Importer(815301076,1909f56bfc062723c751e8b465ee728b)
Start importing Assets/Samples/High Definition RP/12.1.6/Particle System Shader Samples/Textures/particle_normalmap.png using Guid(1518ae1992671ad45b09d3b59ee04b3f) Importer(815301076,1909f56bfc062723c751e8b465ee728b)  -> (artifact id: 'ae69d64b7229ce31b83f9718d7b92326') in 0.022587 seconds 
========================================================================
Received Import Request.
  Time since last request: 0.168258 seconds.
  path: Assets/Ciconia Studio/Shaders/_Shared Files/Textures/RockyDirt/RockyDirt_normal.png
  artifactKey: Guid(a4818f55b22c0894981f4006a2c10a4c) Importer(815301076,1909f56bfc062723c751e8b465ee728b)
Start importing Assets/Ciconia Studio/Shaders/_Shared Files/Textures/RockyDirt/RockyDirt_normal.png using Guid(a4818f55b22c0894981f4006a2c10a4c) Importer(815301076,1909f56bfc062723c751e8b465ee728b)  -> (artifact id: '4311f2108e1cae883aaee2669bda978d') in 0.017431 seconds 
========================================================================
Received Import Request.
  Time since last request: 0.031201 seconds.
  path: Assets/Plugins/FMOD/images/StudioIcon.png
  artifactKey: Guid(a4edfa5854cdec34b98b1c55f0562bdd) Importer(815301076,1909f56bfc062723c751e8b465ee728b)
Start importing Assets/Plugins/FMOD/images/StudioIcon.png using Guid(a4edfa5854cdec34b98b1c55f0562bdd) Importer(815301076,1909f56bfc062723c751e8b465ee728b)  -> (artifact id: 'aa19d8d5a39113a2b9d13e7a61f413d7') in 0.016421 seconds 
========================================================================
Received Import Request.
  Time since last request: 0.000052 seconds.
  path: Assets/Plugins/FMOD/images/TransportPlayButtonOn.png
  artifactKey: Guid(2d777c9a14189d241aea1afeeeff448c) Importer(815301076,1909f56bfc062723c751e8b465ee728b)
Start importing Assets/Plugins/FMOD/images/TransportPlayButtonOn.png using Guid(2d777c9a14189d241aea1afeeeff448c) Importer(815301076,1909f56bfc062723c751e8b465ee728b)  -> (artifact id: '950aed420d8e48d2c44edd734ec27793') in 0.018217 seconds 
========================================================================
Received Import Request.
  Time since last request: 0.000032 seconds.
  path: Assets/Map/tile2.png
  artifactKey: Guid(1fd6257c1dd9c834fbd88209df015840) Importer(815301076,1909f56bfc062723c751e8b465ee728b)
Start importing Assets/Map/tile2.png using Guid(1fd6257c1dd9c834fbd88209df015840) Importer(815301076,1909f56bfc062723c751e8b465ee728b)  -> (artifact id: '9dac131420d820662b0e3e0d5ade691d') in 0.015504 seconds 
========================================================================
Received Import Request.
  Time since last request: 0.168369 seconds.
  path: Assets/Ciconia Studio/Shaders/Standard Shaders/BuiltIn/Demo Scene/Sources/Models/Wall & Window/Window_Window_MetallicRoughness.png
  artifactKey: Guid(0c6677bd6d9a35e488cf73862d72a04e) Importer(815301076,1909f56bfc062723c751e8b465ee728b)
Start importing Assets/Ciconia Studio/Shaders/Standard Shaders/BuiltIn/Demo Scene/Sources/Models/Wall & Window/Window_Window_MetallicRoughness.png using Guid(0c6677bd6d9a35e488cf73862d72a04e) Importer(815301076,1909f56bfc062723c751e8b465ee728b)  -> (artifact id: 'edb7530d6d66a673bfd85b04edb6242a') in 0.019107 seconds 
========================================================================
Received Import Request.
  Time since last request: 0.033758 seconds.
  path: Assets/Ciconia Studio/Shaders/Standard Shaders/BuiltIn/Demo Scene/Sources/Models/Wall & Window/Window_Wood_Height.png
  artifactKey: Guid(f4e7e46bfdeac69488e9ccfc44a2cf71) Importer(815301076,1909f56bfc062723c751e8b465ee728b)
Start importing Assets/Ciconia Studio/Shaders/Standard Shaders/BuiltIn/Demo Scene/Sources/Models/Wall & Window/Window_Wood_Height.png using Guid(f4e7e46bfdeac69488e9ccfc44a2cf71) Importer(815301076,1909f56bfc062723c751e8b465ee728b)  -> (artifact id: '11147ae4a12d861a7f2f56ae90169508') in 0.023856 seconds 
========================================================================
Received Import Request.
  Time since last request: 0.000024 seconds.
  path: Assets/Plugins/FMOD/images/Wrench.png
  artifactKey: Guid(507cd805ad331e54cb9e9cab5a9270b5) Importer(815301076,1909f56bfc062723c751e8b465ee728b)
Start importing Assets/Plugins/FMOD/images/Wrench.png using Guid(507cd805ad331e54cb9e9cab5a9270b5) Importer(815301076,1909f56bfc062723c751e8b465ee728b)  -> (artifact id: '44ce76822dd4a0a8bee97c44627afd16') in 0.016905 seconds 
Editor requested this worker to shutdown with reason: Scaling down because of idle timeout
AssetImportWorker is now disconnected from the server
Process exiting
Exiting without the bug reporter. Application will terminate with return code 0