Using pre-set license
Built from '2021.3/staging' branch; Version is '2021.3.3f1 (af2e63e8f9bd) revision 11480675'; Using compiler version '192829333'; Build Type 'Release'
OS: 'Windows 11  (10.0.22000) 64bit Core' Language: 'en' Physical Memory: 15776 MB
BatchMode: 1, IsHumanControllingUs: 0, StartBugReporterOnCrash: 0, Is64bit: 1, IsPro: 1

COMMAND LINE ARGUMENTS:
C:\Program Files\Unity\Hub\Editor\2021.3.3f1\Editor\Unity.exe
-adb2
-batchMode
-noUpm
-name
AssetImportWorker0
-projectPath
C:/Users/waffl/Documents/GitHub/ig-its-2d-now
-logFile
Logs/AssetImportWorker0.log
-srvPort
56188
Successfully changed project path to: C:/Users/waffl/Documents/GitHub/ig-its-2d-now
C:/Users/waffl/Documents/GitHub/ig-its-2d-now
[UnityMemory] Configuration Parameters - Can be set up in boot.config
    "memorysetup-bucket-allocator-granularity=16"
    "memorysetup-bucket-allocator-bucket-count=8"
    "memorysetup-bucket-allocator-block-size=33554432"
    "memorysetup-bucket-allocator-block-count=8"
    "memorysetup-main-allocator-block-size=16777216"
    "memorysetup-thread-allocator-block-size=16777216"
    "memorysetup-gfx-main-allocator-block-size=16777216"
    "memorysetup-gfx-thread-allocator-block-size=16777216"
    "memorysetup-cache-allocator-block-size=4194304"
    "memorysetup-typetree-allocator-block-size=2097152"
    "memorysetup-profiler-bucket-allocator-granularity=16"
    "memorysetup-profiler-bucket-allocator-bucket-count=8"
    "memorysetup-profiler-bucket-allocator-block-size=33554432"
    "memorysetup-profiler-bucket-allocator-block-count=8"
    "memorysetup-profiler-allocator-block-size=16777216"
    "memorysetup-profiler-editor-allocator-block-size=1048576"
    "memorysetup-temp-allocator-size-main=16777216"
    "memorysetup-job-temp-allocator-block-size=2097152"
    "memorysetup-job-temp-allocator-block-size-background=1048576"
    "memorysetup-job-temp-allocator-reduction-small-platforms=262144"
    "memorysetup-temp-allocator-size-background-worker=32768"
    "memorysetup-temp-allocator-size-job-worker=262144"
    "memorysetup-temp-allocator-size-preload-manager=33554432"
    "memorysetup-temp-allocator-size-nav-mesh-worker=65536"
    "memorysetup-temp-allocator-size-audio-worker=65536"
    "memorysetup-temp-allocator-size-cloud-worker=32768"
    "memorysetup-temp-allocator-size-gi-baking-worker=262144"
    "memorysetup-temp-allocator-size-gfx=262144"
Refreshing native plugins compatible for Editor in 91.23 ms, found 5 plugins.
Preloading 0 native plugins for Editor in 0.00 ms.
Initialize engine version: 2021.3.3f1 (af2e63e8f9bd)
[Subsystems] Discovering subsystems at path C:/Program Files/Unity/Hub/Editor/2021.3.3f1/Editor/Data/Resources/UnitySubsystems
[Subsystems] Discovering subsystems at path C:/Users/waffl/Documents/GitHub/ig-its-2d-now/Assets
GfxDevice: creating device client; threaded=0; jobified=0
Direct3D:
    Version:  Direct3D 11.0 [level 11.1]
    Renderer: NVIDIA GeForce RTX 3070 Laptop GPU (ID=0x249d)
    Vendor:   NVIDIA
    VRAM:     8044 MB
    Driver:   30.0.15.1295
Initialize mono
Mono path[0] = 'C:/Program Files/Unity/Hub/Editor/2021.3.3f1/Editor/Data/Managed'
Mono path[1] = 'C:/Program Files/Unity/Hub/Editor/2021.3.3f1/Editor/Data/MonoBleedingEdge/lib/mono/unityjit-win32'
Mono config path = 'C:/Program Files/Unity/Hub/Editor/2021.3.3f1/Editor/Data/MonoBleedingEdge/etc'
Using monoOptions --debugger-agent=transport=dt_socket,embedding=1,server=y,suspend=n,address=127.0.0.1:56736
Begin MonoManager ReloadAssembly
Registering precompiled unity dll's ...
Register platform support module: C:/Program Files/Unity/Hub/Editor/2021.3.3f1/Editor/Data/PlaybackEngines/WebGLSupport/UnityEditor.WebGL.Extensions.dll
Register platform support module: C:/Program Files/Unity/Hub/Editor/2021.3.3f1/Editor/Data/PlaybackEngines/WindowsStandaloneSupport/UnityEditor.WindowsStandalone.Extensions.dll
Registered in 0.003917 seconds.
Native extension for WindowsStandalone target not found
Native extension for WebGL target not found
Refreshing native plugins compatible for Editor in 84.94 ms, found 5 plugins.
Preloading 0 native plugins for Editor in 0.00 ms.
Mono: successfully reloaded assembly
- Completed reload, in  0.567 seconds
Domain Reload Profiling:
	ReloadAssembly (567ms)
		BeginReloadAssembly (70ms)
			ExecutionOrderSort (0ms)
			DisableScriptedObjects (0ms)
			BackupInstance (0ms)
			ReleaseScriptingObjects (0ms)
			CreateAndSetChildDomain (1ms)
		EndReloadAssembly (406ms)
			LoadAssemblies (68ms)
			RebuildTransferFunctionScriptingTraits (0ms)
			SetupTypeCache (85ms)
			ReleaseScriptCaches (0ms)
			RebuildScriptCaches (20ms)
			SetupLoadedEditorAssemblies (253ms)
				LogAssemblyErrors (0ms)
				InitializePlatformSupportModulesInManaged (7ms)
				SetLoadedEditorAssemblies (0ms)
				RefreshPlugins (85ms)
				BeforeProcessingInitializeOnLoad (1ms)
				ProcessInitializeOnLoadAttributes (115ms)
				ProcessInitializeOnLoadMethodAttributes (45ms)
				AfterProcessingInitializeOnLoad (0ms)
				EditorAssembliesLoaded (0ms)
			ExecutionOrderSort2 (0ms)
			AwakeInstancesAfterBackupRestoration (0ms)
Platform modules already initialized, skipping
Registering precompiled user dll's ...
Registered in 0.005803 seconds.
Begin MonoManager ReloadAssembly
Native extension for WindowsStandalone target not found
Native extension for WebGL target not found
Refreshing native plugins compatible for Editor in 96.67 ms, found 5 plugins.
Preloading 0 native plugins for Editor in 0.00 ms.
Mono: successfully reloaded assembly
- Completed reload, in  1.190 seconds
Domain Reload Profiling:
	ReloadAssembly (1191ms)
		BeginReloadAssembly (91ms)
			ExecutionOrderSort (0ms)
			DisableScriptedObjects (5ms)
			BackupInstance (0ms)
			ReleaseScriptingObjects (0ms)
			CreateAndSetChildDomain (19ms)
		EndReloadAssembly (987ms)
			LoadAssemblies (75ms)
			RebuildTransferFunctionScriptingTraits (0ms)
			SetupTypeCache (265ms)
			ReleaseScriptCaches (1ms)
			RebuildScriptCaches (72ms)
			SetupLoadedEditorAssemblies (527ms)
				LogAssemblyErrors (0ms)
				InitializePlatformSupportModulesInManaged (6ms)
				SetLoadedEditorAssemblies (0ms)
				RefreshPlugins (97ms)
				BeforeProcessingInitializeOnLoad (92ms)
				ProcessInitializeOnLoadAttributes (277ms)
				ProcessInitializeOnLoadMethodAttributes (51ms)
				AfterProcessingInitializeOnLoad (5ms)
				EditorAssembliesLoaded (0ms)
			ExecutionOrderSort2 (0ms)
			AwakeInstancesAfterBackupRestoration (4ms)
Platform modules already initialized, skipping
========================================================================
Worker process is ready to serve import requests
Launched and connected shader compiler UnityShaderCompiler.exe after 0.05 seconds
Refreshing native plugins compatible for Editor in 3.52 ms, found 5 plugins.
Preloading 0 native plugins for Editor in 0.00 ms.
Unloading 5116 Unused Serialized files (Serialized files now loaded: 0)
Unloading 117 unused Assets / (4.7 MB). Loaded Objects now: 5524.
Memory consumption went from 370.9 MB to 366.2 MB.
Total: 11.621800 ms (FindLiveObjects: 0.876600 ms CreateObjectMapping: 0.405000 ms MarkObjects: 7.225000 ms  DeleteObjects: 3.112900 ms)

AssetImportParameters requested are different than current active one (requested -> active):
  custom:video-decoder-ogg-theora: a1e56fd34408186e4bbccfd4996cb3dc -> 
  custom:container-muxer-webm: aa71ff27fc2769a1b78a27578f13a17b -> 
  custom:container-demuxer-webm: 4f35f7cbe854078d1ac9338744f61a02 -> 
  custom:video-encoder-webm-vp8: eb34c28f22e8b96e1ab97ce403110664 -> 
  custom:video-codec-MediaFoundation-h265: 746d11721c4dcdbdad8f713fa42b33f4 -> 
  custom:audio-encoder-webm-vorbis: bf7c407c2cedff20999df2af8eb42d56 -> 
  custom:framework-win-MediaFoundation: 216162199b28c13a410421893ffa2e32 -> 
  custom:container-demuxer-ogg: 62fdf1f143b41e24485cea50d1cbac27 -> 
  custom:video-decoder-webm-vp8: 9c59270c3fd7afecdb556c50c9e8de78 -> 
  custom:audio-decoder-ogg-vorbis: bf7c407c2cedff20999df2af8eb42d56 -> 
========================================================================
Received Import Request.
  Time since last request: 188290.694150 seconds.
  path: Assets/Map/CAVE/Extracted_CAVEMESH/LUIAN.png
  artifactKey: Guid(0792f4be9cf6e2f4bb8878a226730c2a) Importer(815301076,1909f56bfc062723c751e8b465ee728b)
Start importing Assets/Map/CAVE/Extracted_CAVEMESH/LUIAN.png using Guid(0792f4be9cf6e2f4bb8878a226730c2a) Importer(815301076,1909f56bfc062723c751e8b465ee728b)  -> (artifact id: 'f59be9301f56a157e682cf23bedb9307') in 0.111470 seconds 
========================================================================
Received Prepare
Registering precompiled user dll's ...
Registered in 0.005458 seconds.
Begin MonoManager ReloadAssembly
Native extension for WindowsStandalone target not found
Native extension for WebGL target not found
Refreshing native plugins compatible for Editor in 1.33 ms, found 5 plugins.
Preloading 0 native plugins for Editor in 0.00 ms.
Mono: successfully reloaded assembly
- Completed reload, in  1.026 seconds
Domain Reload Profiling:
	ReloadAssembly (1027ms)
		BeginReloadAssembly (135ms)
			ExecutionOrderSort (0ms)
			DisableScriptedObjects (5ms)
			BackupInstance (0ms)
			ReleaseScriptingObjects (0ms)
			CreateAndSetChildDomain (49ms)
		EndReloadAssembly (816ms)
			LoadAssemblies (76ms)
			RebuildTransferFunctionScriptingTraits (0ms)
			SetupTypeCache (217ms)
			ReleaseScriptCaches (2ms)
			RebuildScriptCaches (56ms)
			SetupLoadedEditorAssemblies (388ms)
				LogAssemblyErrors (0ms)
				InitializePlatformSupportModulesInManaged (10ms)
				SetLoadedEditorAssemblies (1ms)
				RefreshPlugins (1ms)
				BeforeProcessingInitializeOnLoad (76ms)
				ProcessInitializeOnLoadAttributes (259ms)
				ProcessInitializeOnLoadMethodAttributes (35ms)
				AfterProcessingInitializeOnLoad (5ms)
				EditorAssembliesLoaded (0ms)
			ExecutionOrderSort2 (0ms)
			AwakeInstancesAfterBackupRestoration (14ms)
Platform modules already initialized, skipping
Refreshing native plugins compatible for Editor in 8.07 ms, found 5 plugins.
Preloading 0 native plugins for Editor in 0.00 ms.
Unloading 4753 Unused Serialized files (Serialized files now loaded: 0)
Unloading 109 unused Assets / (4.7 MB). Loaded Objects now: 5529.
Memory consumption went from 350.1 MB to 345.4 MB.
Total: 5.103700 ms (FindLiveObjects: 0.719200 ms CreateObjectMapping: 0.173700 ms MarkObjects: 3.129200 ms  DeleteObjects: 1.079600 ms)

AssetImportParameters requested are different than current active one (requested -> active):
  custom:video-decoder-ogg-theora: a1e56fd34408186e4bbccfd4996cb3dc -> 
  custom:container-muxer-webm: aa71ff27fc2769a1b78a27578f13a17b -> 
  custom:container-demuxer-webm: 4f35f7cbe854078d1ac9338744f61a02 -> 
  custom:video-encoder-webm-vp8: eb34c28f22e8b96e1ab97ce403110664 -> 
  custom:video-codec-MediaFoundation-h265: 746d11721c4dcdbdad8f713fa42b33f4 -> 
  custom:audio-encoder-webm-vorbis: bf7c407c2cedff20999df2af8eb42d56 -> 
  custom:framework-win-MediaFoundation: 216162199b28c13a410421893ffa2e32 -> 
  custom:container-demuxer-ogg: 62fdf1f143b41e24485cea50d1cbac27 -> 
  custom:video-decoder-webm-vp8: 9c59270c3fd7afecdb556c50c9e8de78 -> 
  custom:audio-decoder-ogg-vorbis: bf7c407c2cedff20999df2af8eb42d56 -> 
========================================================================
Received Prepare
Registering precompiled user dll's ...
Registered in 0.005418 seconds.
Begin MonoManager ReloadAssembly
Native extension for WindowsStandalone target not found
Native extension for WebGL target not found
Refreshing native plugins compatible for Editor in 1.37 ms, found 5 plugins.
Preloading 0 native plugins for Editor in 0.00 ms.
Mono: successfully reloaded assembly
- Completed reload, in  1.069 seconds
Domain Reload Profiling:
	ReloadAssembly (1069ms)
		BeginReloadAssembly (130ms)
			ExecutionOrderSort (0ms)
			DisableScriptedObjects (9ms)
			BackupInstance (0ms)
			ReleaseScriptingObjects (0ms)
			CreateAndSetChildDomain (46ms)
		EndReloadAssembly (862ms)
			LoadAssemblies (71ms)
			RebuildTransferFunctionScriptingTraits (0ms)
			SetupTypeCache (224ms)
			ReleaseScriptCaches (2ms)
			RebuildScriptCaches (64ms)
			SetupLoadedEditorAssemblies (401ms)
				LogAssemblyErrors (0ms)
				InitializePlatformSupportModulesInManaged (11ms)
				SetLoadedEditorAssemblies (0ms)
				RefreshPlugins (1ms)
				BeforeProcessingInitializeOnLoad (76ms)
				ProcessInitializeOnLoadAttributes (266ms)
				ProcessInitializeOnLoadMethodAttributes (39ms)
				AfterProcessingInitializeOnLoad (7ms)
				EditorAssembliesLoaded (0ms)
			ExecutionOrderSort2 (0ms)
			AwakeInstancesAfterBackupRestoration (17ms)
Platform modules already initialized, skipping
Refreshing native plugins compatible for Editor in 10.53 ms, found 5 plugins.
Preloading 0 native plugins for Editor in 0.00 ms.
Unloading 4753 Unused Serialized files (Serialized files now loaded: 0)
Unloading 109 unused Assets / (4.7 MB). Loaded Objects now: 5532.
Memory consumption went from 350.2 MB to 345.5 MB.
Total: 6.967500 ms (FindLiveObjects: 0.893700 ms CreateObjectMapping: 0.388300 ms MarkObjects: 4.439600 ms  DeleteObjects: 1.244400 ms)

AssetImportParameters requested are different than current active one (requested -> active):
  custom:video-decoder-ogg-theora: a1e56fd34408186e4bbccfd4996cb3dc -> 
  custom:container-muxer-webm: aa71ff27fc2769a1b78a27578f13a17b -> 
  custom:container-demuxer-webm: 4f35f7cbe854078d1ac9338744f61a02 -> 
  custom:video-encoder-webm-vp8: eb34c28f22e8b96e1ab97ce403110664 -> 
  custom:video-codec-MediaFoundation-h265: 746d11721c4dcdbdad8f713fa42b33f4 -> 
  custom:audio-encoder-webm-vorbis: bf7c407c2cedff20999df2af8eb42d56 -> 
  custom:framework-win-MediaFoundation: 216162199b28c13a410421893ffa2e32 -> 
  custom:container-demuxer-ogg: 62fdf1f143b41e24485cea50d1cbac27 -> 
  custom:video-decoder-webm-vp8: 9c59270c3fd7afecdb556c50c9e8de78 -> 
  custom:audio-decoder-ogg-vorbis: bf7c407c2cedff20999df2af8eb42d56 -> 
========================================================================
Received Import Request.
  Time since last request: 531.533554 seconds.
  path: Assets/Map/CAVE/CAVE_COPY
  artifactKey: Guid(a6ac2e526a57f2a469358b1714e7b432) Importer(815301076,1909f56bfc062723c751e8b465ee728b)
Start importing Assets/Map/CAVE/CAVE_COPY using Guid(a6ac2e526a57f2a469358b1714e7b432) Importer(815301076,1909f56bfc062723c751e8b465ee728b)  -> (artifact id: '420a8017b0e4ea4772af6e9f92c73b6c') in 0.016464 seconds 
========================================================================
Received Import Request.
  Time since last request: 35.360976 seconds.
  path: Assets/Map/CAVE/CAVE_COPY/Crystal_Cave_Map.fbx
  artifactKey: Guid(84e52e1f0557aa84c9cf0e8e08d872b5) Importer(815301076,1909f56bfc062723c751e8b465ee728b)
Start importing Assets/Map/CAVE/CAVE_COPY/Crystal_Cave_Map.fbx using Guid(84e52e1f0557aa84c9cf0e8e08d872b5) Importer(815301076,1909f56bfc062723c751e8b465ee728b)  -> (artifact id: '2c3dbee96e16a74e6317a060e573aa3f') in 0.819885 seconds 
========================================================================
Received Import Request.
  Time since last request: 86.760489 seconds.
  path: Assets/Map/CAVE/Extracted_CAVEMESH/CaveFloorPatWip.png
  artifactKey: Guid(0de5554f17454c44292d15b1bccee9f6) Importer(815301076,1909f56bfc062723c751e8b465ee728b)
Start importing Assets/Map/CAVE/Extracted_CAVEMESH/CaveFloorPatWip.png using Guid(0de5554f17454c44292d15b1bccee9f6) Importer(815301076,1909f56bfc062723c751e8b465ee728b)  -> (artifact id: 'e9a2108f63fed62acdd9f419a6de028f') in 0.022527 seconds 
========================================================================
Received Import Request.
  Time since last request: 8.962484 seconds.
  path: Assets/Map/CAVE/Extracted_CAVEMESH/Floor.mat
  artifactKey: Guid(a7a53dff8ebf69e44947ae31ea0e0304) Importer(815301076,1909f56bfc062723c751e8b465ee728b)
Start importing Assets/Map/CAVE/Extracted_CAVEMESH/Floor.mat using Guid(a7a53dff8ebf69e44947ae31ea0e0304) Importer(815301076,1909f56bfc062723c751e8b465ee728b)  -> (artifact id: '5268c57be1828570bb82a06b9dba0192') in 0.027546 seconds 
========================================================================
Received Import Request.
  Time since last request: 38.645871 seconds.
  path: Assets/Map/CAVE/Extracted_CAVEMESH/Floor_large.mat
  artifactKey: Guid(5bb4726d3205fbf42bb81862f94382b0) Importer(815301076,1909f56bfc062723c751e8b465ee728b)
Start importing Assets/Map/CAVE/Extracted_CAVEMESH/Floor_large.mat using Guid(5bb4726d3205fbf42bb81862f94382b0) Importer(815301076,1909f56bfc062723c751e8b465ee728b)  -> (artifact id: '06cdbee021cb7761fe1bc5071d150f3f') in 0.034322 seconds 
========================================================================
Received Import Request.
  Time since last request: 59.530592 seconds.
  path: Assets/Map/CAVE/Extracted_CAVEMESH/Garbage.mat
  artifactKey: Guid(dfdd92fca72708947a91793f25440226) Importer(815301076,1909f56bfc062723c751e8b465ee728b)
Start importing Assets/Map/CAVE/Extracted_CAVEMESH/Garbage.mat using Guid(dfdd92fca72708947a91793f25440226) Importer(815301076,1909f56bfc062723c751e8b465ee728b)  -> (artifact id: '81433a9746b41120e1cae62d9cb6414c') in 0.028959 seconds 
========================================================================
Received Import Request.
  Time since last request: 264.703322 seconds.
  path: Assets/Map/CAVE/CAVE_COPY/Crystal_Cave_Map.fbx
  artifactKey: Guid(84e52e1f0557aa84c9cf0e8e08d872b5) Importer(815301076,1909f56bfc062723c751e8b465ee728b)
Start importing Assets/Map/CAVE/CAVE_COPY/Crystal_Cave_Map.fbx using Guid(84e52e1f0557aa84c9cf0e8e08d872b5) Importer(815301076,1909f56bfc062723c751e8b465ee728b)  -> (artifact id: 'b446322266ca869c254403946e15adb4') in 0.089790 seconds 
========================================================================
Received Import Request.
  Time since last request: 0.159209 seconds.
  path: Assets/Map/CAVE/CAVE_COPY/Crystal_Cave_Map.fbx
  artifactKey: Guid(84e52e1f0557aa84c9cf0e8e08d872b5) Importer(815301076,1909f56bfc062723c751e8b465ee728b)
Start importing Assets/Map/CAVE/CAVE_COPY/Crystal_Cave_Map.fbx using Guid(84e52e1f0557aa84c9cf0e8e08d872b5) Importer(815301076,1909f56bfc062723c751e8b465ee728b)  -> (artifact id: '81a3011495eb822312562bd04a55a56a') in 0.121125 seconds 
========================================================================
Received Import Request.
  Time since last request: 0.000039 seconds.
  path: Assets/Map/CAVE/CAVE_COPY/Wall_Texture.mat
  artifactKey: Guid(98aa8e7245965664cbe7e3fcd2177a6c) Importer(815301076,1909f56bfc062723c751e8b465ee728b)
Start importing Assets/Map/CAVE/CAVE_COPY/Wall_Texture.mat using Guid(98aa8e7245965664cbe7e3fcd2177a6c) Importer(815301076,1909f56bfc062723c751e8b465ee728b)  -> (artifact id: 'd4a24064f2a8b337abe0a110ebab89f9') in 0.037393 seconds 
========================================================================
Received Import Request.
  Time since last request: 0.000044 seconds.
  path: Assets/Map/CAVE/CAVE_COPY/Out_of_bounds_texture.mat
  artifactKey: Guid(6c147826d352fd44a851497988578d6d) Importer(815301076,1909f56bfc062723c751e8b465ee728b)
Start importing Assets/Map/CAVE/CAVE_COPY/Out_of_bounds_texture.mat using Guid(6c147826d352fd44a851497988578d6d) Importer(815301076,1909f56bfc062723c751e8b465ee728b)  -> (artifact id: 'd5e0c0a164be1f8bb0fe2dd63cd5a0f1') in 0.036947 seconds 
========================================================================
Received Import Request.
  Time since last request: 38.974649 seconds.
  path: Assets/Map/CAVE/Extracted_CAVEMESH/Floor.mat
  artifactKey: Guid(a7a53dff8ebf69e44947ae31ea0e0304) Importer(815301076,1909f56bfc062723c751e8b465ee728b)
Start importing Assets/Map/CAVE/Extracted_CAVEMESH/Floor.mat using Guid(a7a53dff8ebf69e44947ae31ea0e0304) Importer(815301076,1909f56bfc062723c751e8b465ee728b)  -> (artifact id: 'a18600bc5bfa459795242ff3a055b45a') in 0.018177 seconds 
========================================================================
Received Prepare
Registering precompiled user dll's ...
Registered in 0.005796 seconds.
Begin MonoManager ReloadAssembly
Native extension for WindowsStandalone target not found
Native extension for WebGL target not found
Refreshing native plugins compatible for Editor in 1.31 ms, found 5 plugins.
Preloading 0 native plugins for Editor in 0.00 ms.
Mono: successfully reloaded assembly
- Completed reload, in  1.169 seconds
Domain Reload Profiling:
	ReloadAssembly (1170ms)
		BeginReloadAssembly (173ms)
			ExecutionOrderSort (0ms)
			DisableScriptedObjects (29ms)
			BackupInstance (0ms)
			ReleaseScriptingObjects (0ms)
			CreateAndSetChildDomain (62ms)
		EndReloadAssembly (908ms)
			LoadAssemblies (74ms)
			RebuildTransferFunctionScriptingTraits (0ms)
			SetupTypeCache (223ms)
			ReleaseScriptCaches (3ms)
			RebuildScriptCaches (63ms)
			SetupLoadedEditorAssemblies (420ms)
				LogAssemblyErrors (0ms)
				InitializePlatformSupportModulesInManaged (11ms)
				SetLoadedEditorAssemblies (0ms)
				RefreshPlugins (1ms)
				BeforeProcessingInitializeOnLoad (75ms)
				ProcessInitializeOnLoadAttributes (287ms)
				ProcessInitializeOnLoadMethodAttributes (39ms)
				AfterProcessingInitializeOnLoad (5ms)
				EditorAssembliesLoaded (0ms)
			ExecutionOrderSort2 (0ms)
			AwakeInstancesAfterBackupRestoration (22ms)
Platform modules already initialized, skipping
Refreshing native plugins compatible for Editor in 8.09 ms, found 5 plugins.
Preloading 0 native plugins for Editor in 0.00 ms.
Unloading 4754 Unused Serialized files (Serialized files now loaded: 0)
Unloading 109 unused Assets / (4.7 MB). Loaded Objects now: 5684.
Memory consumption went from 357.7 MB to 353.0 MB.
Total: 6.152200 ms (FindLiveObjects: 0.415400 ms CreateObjectMapping: 0.154800 ms MarkObjects: 3.870300 ms  DeleteObjects: 1.709800 ms)

AssetImportParameters requested are different than current active one (requested -> active):
  custom:video-decoder-ogg-theora: a1e56fd34408186e4bbccfd4996cb3dc -> 
  custom:container-muxer-webm: aa71ff27fc2769a1b78a27578f13a17b -> 
  custom:container-demuxer-webm: 4f35f7cbe854078d1ac9338744f61a02 -> 
  custom:video-encoder-webm-vp8: eb34c28f22e8b96e1ab97ce403110664 -> 
  custom:video-codec-MediaFoundation-h265: 746d11721c4dcdbdad8f713fa42b33f4 -> 
  custom:audio-encoder-webm-vorbis: bf7c407c2cedff20999df2af8eb42d56 -> 
  custom:framework-win-MediaFoundation: 216162199b28c13a410421893ffa2e32 -> 
  custom:container-demuxer-ogg: 62fdf1f143b41e24485cea50d1cbac27 -> 
  custom:video-decoder-webm-vp8: 9c59270c3fd7afecdb556c50c9e8de78 -> 
  custom:audio-decoder-ogg-vorbis: bf7c407c2cedff20999df2af8eb42d56 -> 
========================================================================
Received Import Request.
  Time since last request: 235.000690 seconds.
  path: Assets/Map/CAVE/CAVE_COPY/Crystal_Cave_Map.fbx
  artifactKey: Guid(84e52e1f0557aa84c9cf0e8e08d872b5) Importer(815301076,1909f56bfc062723c751e8b465ee728b)
Start importing Assets/Map/CAVE/CAVE_COPY/Crystal_Cave_Map.fbx using Guid(84e52e1f0557aa84c9cf0e8e08d872b5) Importer(815301076,1909f56bfc062723c751e8b465ee728b)  -> (artifact id: '4519e0a1a56fcc938b74376cc0b82f67') in 0.623980 seconds 
========================================================================
Received Prepare
Registering precompiled user dll's ...
Registered in 0.005992 seconds.
Begin MonoManager ReloadAssembly
Native extension for WindowsStandalone target not found
Native extension for WebGL target not found
Refreshing native plugins compatible for Editor in 1.60 ms, found 5 plugins.
Preloading 0 native plugins for Editor in 0.00 ms.
Mono: successfully reloaded assembly
- Completed reload, in  1.151 seconds
Domain Reload Profiling:
	ReloadAssembly (1152ms)
		BeginReloadAssembly (163ms)
			ExecutionOrderSort (0ms)
			DisableScriptedObjects (27ms)
			BackupInstance (0ms)
			ReleaseScriptingObjects (0ms)
			CreateAndSetChildDomain (56ms)
		EndReloadAssembly (910ms)
			LoadAssemblies (80ms)
			RebuildTransferFunctionScriptingTraits (0ms)
			SetupTypeCache (220ms)
			ReleaseScriptCaches (2ms)
			RebuildScriptCaches (60ms)
			SetupLoadedEditorAssemblies (427ms)
				LogAssemblyErrors (0ms)
				InitializePlatformSupportModulesInManaged (14ms)
				SetLoadedEditorAssemblies (0ms)
				RefreshPlugins (2ms)
				BeforeProcessingInitializeOnLoad (72ms)
				ProcessInitializeOnLoadAttributes (292ms)
				ProcessInitializeOnLoadMethodAttributes (40ms)
				AfterProcessingInitializeOnLoad (6ms)
				EditorAssembliesLoaded (0ms)
			ExecutionOrderSort2 (0ms)
			AwakeInstancesAfterBackupRestoration (19ms)
Platform modules already initialized, skipping
Refreshing native plugins compatible for Editor in 9.41 ms, found 5 plugins.
Preloading 0 native plugins for Editor in 0.00 ms.
Unloading 4754 Unused Serialized files (Serialized files now loaded: 0)
Unloading 109 unused Assets / (4.7 MB). Loaded Objects now: 5792.
Memory consumption went from 357.9 MB to 353.2 MB.
Total: 6.843500 ms (FindLiveObjects: 0.477100 ms CreateObjectMapping: 0.423600 ms MarkObjects: 4.166600 ms  DeleteObjects: 1.774600 ms)

AssetImportParameters requested are different than current active one (requested -> active):
  custom:video-decoder-ogg-theora: a1e56fd34408186e4bbccfd4996cb3dc -> 
  custom:container-muxer-webm: aa71ff27fc2769a1b78a27578f13a17b -> 
  custom:container-demuxer-webm: 4f35f7cbe854078d1ac9338744f61a02 -> 
  custom:video-encoder-webm-vp8: eb34c28f22e8b96e1ab97ce403110664 -> 
  custom:video-codec-MediaFoundation-h265: 746d11721c4dcdbdad8f713fa42b33f4 -> 
  custom:audio-encoder-webm-vorbis: bf7c407c2cedff20999df2af8eb42d56 -> 
  custom:framework-win-MediaFoundation: 216162199b28c13a410421893ffa2e32 -> 
  custom:container-demuxer-ogg: 62fdf1f143b41e24485cea50d1cbac27 -> 
  custom:video-decoder-webm-vp8: 9c59270c3fd7afecdb556c50c9e8de78 -> 
  custom:audio-decoder-ogg-vorbis: bf7c407c2cedff20999df2af8eb42d56 -> 
