Using pre-set license
Built from '2021.3/staging' branch; Version is '2021.3.3f1 (af2e63e8f9bd) revision 11480675'; Using compiler version '192829333'; Build Type 'Release'
OS: 'Windows 11  (10.0.22000) 64bit Core' Language: 'en' Physical Memory: 15776 MB
BatchMode: 1, IsHumanControllingUs: 0, StartBugReporterOnCrash: 0, Is64bit: 1, IsPro: 1

COMMAND LINE ARGUMENTS:
C:\Program Files\Unity\Hub\Editor\2021.3.3f1\Editor\Unity.exe
-adb2
-batchMode
-noUpm
-name
AssetImportWorker6
-projectPath
C:/Users/waffl/Documents/GitHub/ig-its-2d-now
-logFile
Logs/AssetImportWorker6.log
-srvPort
54394
Successfully changed project path to: C:/Users/waffl/Documents/GitHub/ig-its-2d-now
C:/Users/waffl/Documents/GitHub/ig-its-2d-now
[UnityMemory] Configuration Parameters - Can be set up in boot.config
    "memorysetup-bucket-allocator-granularity=16"
    "memorysetup-bucket-allocator-bucket-count=8"
    "memorysetup-bucket-allocator-block-size=33554432"
    "memorysetup-bucket-allocator-block-count=8"
    "memorysetup-main-allocator-block-size=16777216"
    "memorysetup-thread-allocator-block-size=16777216"
    "memorysetup-gfx-main-allocator-block-size=16777216"
    "memorysetup-gfx-thread-allocator-block-size=16777216"
    "memorysetup-cache-allocator-block-size=4194304"
    "memorysetup-typetree-allocator-block-size=2097152"
    "memorysetup-profiler-bucket-allocator-granularity=16"
    "memorysetup-profiler-bucket-allocator-bucket-count=8"
    "memorysetup-profiler-bucket-allocator-block-size=33554432"
    "memorysetup-profiler-bucket-allocator-block-count=8"
    "memorysetup-profiler-allocator-block-size=16777216"
    "memorysetup-profiler-editor-allocator-block-size=1048576"
    "memorysetup-temp-allocator-size-main=16777216"
    "memorysetup-job-temp-allocator-block-size=2097152"
    "memorysetup-job-temp-allocator-block-size-background=1048576"
    "memorysetup-job-temp-allocator-reduction-small-platforms=262144"
    "memorysetup-temp-allocator-size-background-worker=32768"
    "memorysetup-temp-allocator-size-job-worker=262144"
    "memorysetup-temp-allocator-size-preload-manager=33554432"
    "memorysetup-temp-allocator-size-nav-mesh-worker=65536"
    "memorysetup-temp-allocator-size-audio-worker=65536"
    "memorysetup-temp-allocator-size-cloud-worker=32768"
    "memorysetup-temp-allocator-size-gi-baking-worker=262144"
    "memorysetup-temp-allocator-size-gfx=262144"
Refreshing native plugins compatible for Editor in 113.23 ms, found 5 plugins.
Preloading 0 native plugins for Editor in 0.00 ms.
Initialize engine version: 2021.3.3f1 (af2e63e8f9bd)
[Subsystems] Discovering subsystems at path C:/Program Files/Unity/Hub/Editor/2021.3.3f1/Editor/Data/Resources/UnitySubsystems
[Subsystems] Discovering subsystems at path C:/Users/waffl/Documents/GitHub/ig-its-2d-now/Assets
GfxDevice: creating device client; threaded=0; jobified=0
Direct3D:
    Version:  Direct3D 11.0 [level 11.1]
    Renderer: NVIDIA GeForce RTX 3070 Laptop GPU (ID=0x249d)
    Vendor:   NVIDIA
    VRAM:     8044 MB
    Driver:   30.0.15.1295
Initialize mono
Mono path[0] = 'C:/Program Files/Unity/Hub/Editor/2021.3.3f1/Editor/Data/Managed'
Mono path[1] = 'C:/Program Files/Unity/Hub/Editor/2021.3.3f1/Editor/Data/MonoBleedingEdge/lib/mono/unityjit-win32'
Mono config path = 'C:/Program Files/Unity/Hub/Editor/2021.3.3f1/Editor/Data/MonoBleedingEdge/etc'
Using monoOptions --debugger-agent=transport=dt_socket,embedding=1,server=y,suspend=n,address=127.0.0.1:56924
Begin MonoManager ReloadAssembly
Registering precompiled unity dll's ...
Register platform support module: C:/Program Files/Unity/Hub/Editor/2021.3.3f1/Editor/Data/PlaybackEngines/WebGLSupport/UnityEditor.WebGL.Extensions.dll
Register platform support module: C:/Program Files/Unity/Hub/Editor/2021.3.3f1/Editor/Data/PlaybackEngines/WindowsStandaloneSupport/UnityEditor.WindowsStandalone.Extensions.dll
Registered in 0.003794 seconds.
Native extension for WindowsStandalone target not found
Native extension for WebGL target not found
Refreshing native plugins compatible for Editor in 83.34 ms, found 5 plugins.
Preloading 0 native plugins for Editor in 0.00 ms.
Mono: successfully reloaded assembly
- Completed reload, in  0.595 seconds
Domain Reload Profiling:
	ReloadAssembly (596ms)
		BeginReloadAssembly (63ms)
			ExecutionOrderSort (0ms)
			DisableScriptedObjects (0ms)
			BackupInstance (0ms)
			ReleaseScriptingObjects (0ms)
			CreateAndSetChildDomain (1ms)
		EndReloadAssembly (437ms)
			LoadAssemblies (61ms)
			RebuildTransferFunctionScriptingTraits (0ms)
			SetupTypeCache (95ms)
			ReleaseScriptCaches (0ms)
			RebuildScriptCaches (24ms)
			SetupLoadedEditorAssemblies (266ms)
				LogAssemblyErrors (0ms)
				InitializePlatformSupportModulesInManaged (7ms)
				SetLoadedEditorAssemblies (0ms)
				RefreshPlugins (83ms)
				BeforeProcessingInitializeOnLoad (1ms)
				ProcessInitializeOnLoadAttributes (125ms)
				ProcessInitializeOnLoadMethodAttributes (48ms)
				AfterProcessingInitializeOnLoad (0ms)
				EditorAssembliesLoaded (0ms)
			ExecutionOrderSort2 (0ms)
			AwakeInstancesAfterBackupRestoration (0ms)
Platform modules already initialized, skipping
Registering precompiled user dll's ...
Registered in 0.006479 seconds.
Begin MonoManager ReloadAssembly
Native extension for WindowsStandalone target not found
Native extension for WebGL target not found
Refreshing native plugins compatible for Editor in 87.25 ms, found 5 plugins.
Preloading 0 native plugins for Editor in 0.00 ms.
Mono: successfully reloaded assembly
- Completed reload, in  1.137 seconds
Domain Reload Profiling:
	ReloadAssembly (1138ms)
		BeginReloadAssembly (98ms)
			ExecutionOrderSort (0ms)
			DisableScriptedObjects (5ms)
			BackupInstance (0ms)
			ReleaseScriptingObjects (0ms)
			CreateAndSetChildDomain (20ms)
		EndReloadAssembly (936ms)
			LoadAssemblies (80ms)
			RebuildTransferFunctionScriptingTraits (0ms)
			SetupTypeCache (230ms)
			ReleaseScriptCaches (1ms)
			RebuildScriptCaches (71ms)
			SetupLoadedEditorAssemblies (515ms)
				LogAssemblyErrors (0ms)
				InitializePlatformSupportModulesInManaged (5ms)
				SetLoadedEditorAssemblies (0ms)
				RefreshPlugins (87ms)
				BeforeProcessingInitializeOnLoad (90ms)
				ProcessInitializeOnLoadAttributes (279ms)
				ProcessInitializeOnLoadMethodAttributes (48ms)
				AfterProcessingInitializeOnLoad (5ms)
				EditorAssembliesLoaded (0ms)
			ExecutionOrderSort2 (0ms)
			AwakeInstancesAfterBackupRestoration (5ms)
Platform modules already initialized, skipping
========================================================================
Worker process is ready to serve import requests
Launched and connected shader compiler UnityShaderCompiler.exe after 0.05 seconds
Refreshing native plugins compatible for Editor in 3.33 ms, found 5 plugins.
Preloading 0 native plugins for Editor in 0.00 ms.
Unloading 4986 Unused Serialized files (Serialized files now loaded: 0)
Unloading 207 unused Assets / (12.5 MB). Loaded Objects now: 5294.
Memory consumption went from 336.4 MB to 323.9 MB.
Total: 6.653400 ms (FindLiveObjects: 0.421200 ms CreateObjectMapping: 0.186800 ms MarkObjects: 3.708900 ms  DeleteObjects: 2.335800 ms)

AssetImportParameters requested are different than current active one (requested -> active):
  custom:video-decoder-ogg-theora: a1e56fd34408186e4bbccfd4996cb3dc -> 
  custom:container-muxer-webm: aa71ff27fc2769a1b78a27578f13a17b -> 
  custom:container-demuxer-webm: 4f35f7cbe854078d1ac9338744f61a02 -> 
  custom:video-encoder-webm-vp8: eb34c28f22e8b96e1ab97ce403110664 -> 
  custom:video-codec-MediaFoundation-h265: 746d11721c4dcdbdad8f713fa42b33f4 -> 
  custom:audio-encoder-webm-vorbis: bf7c407c2cedff20999df2af8eb42d56 -> 
  custom:framework-win-MediaFoundation: 216162199b28c13a410421893ffa2e32 -> 
  custom:container-demuxer-ogg: 62fdf1f143b41e24485cea50d1cbac27 -> 
  custom:video-decoder-webm-vp8: 9c59270c3fd7afecdb556c50c9e8de78 -> 
  custom:audio-decoder-ogg-vorbis: bf7c407c2cedff20999df2af8eb42d56 -> 
========================================================================
Received Import Request.
  Time since last request: 11715.734854 seconds.
  path: Assets/Plugins/FMOD/images/ArrowIcon.png
  artifactKey: Guid(01c0101f357b9da4ba78b8f58c290f86) Importer(815301076,1909f56bfc062723c751e8b465ee728b)
Start importing Assets/Plugins/FMOD/images/ArrowIcon.png using Guid(01c0101f357b9da4ba78b8f58c290f86) Importer(815301076,1909f56bfc062723c751e8b465ee728b)  -> (artifact id: 'aedceabc31f4534c56e54145c927de0d') in 0.086001 seconds 
========================================================================
Received Import Request.
  Time since last request: 0.000063 seconds.
  path: Assets/Map/d6ana_004.png
  artifactKey: Guid(d6a6e713eb15c6146a93bbe62a66e203) Importer(815301076,1909f56bfc062723c751e8b465ee728b)
Start importing Assets/Map/d6ana_004.png using Guid(d6a6e713eb15c6146a93bbe62a66e203) Importer(815301076,1909f56bfc062723c751e8b465ee728b)  -> (artifact id: '367e79ba01540e16289dd7d8b6032331') in 0.024228 seconds 
========================================================================
Received Import Request.
  Time since last request: 0.000023 seconds.
  path: Assets/Plugins/FMOD/images/BankIcon.png
  artifactKey: Guid(a7e06068a7215854a84bf5ed8280ed15) Importer(815301076,1909f56bfc062723c751e8b465ee728b)
Start importing Assets/Plugins/FMOD/images/BankIcon.png using Guid(a7e06068a7215854a84bf5ed8280ed15) Importer(815301076,1909f56bfc062723c751e8b465ee728b)  -> (artifact id: '3b2f9bb34a08e8726224b13d26a05a1d') in 0.020760 seconds 
========================================================================
Received Import Request.
  Time since last request: 0.000049 seconds.
  path: Assets/Map/d6gake_002.png
  artifactKey: Guid(d0b8b2e5fdf0bf849ae41e7baaf065d0) Importer(815301076,1909f56bfc062723c751e8b465ee728b)
Start importing Assets/Map/d6gake_002.png using Guid(d0b8b2e5fdf0bf849ae41e7baaf065d0) Importer(815301076,1909f56bfc062723c751e8b465ee728b)  -> (artifact id: '9d35baace2dcca7db13ad88356868afe') in 0.025436 seconds 
========================================================================
Received Import Request.
  Time since last request: 0.000056 seconds.
  path: Assets/Map/d6ana_003.png
  artifactKey: Guid(a0253445b85d64a418e62a1349e0b152) Importer(815301076,1909f56bfc062723c751e8b465ee728b)
Start importing Assets/Map/d6ana_003.png using Guid(a0253445b85d64a418e62a1349e0b152) Importer(815301076,1909f56bfc062723c751e8b465ee728b)  -> (artifact id: '2750139a5d5b7b4341562da45ad06825') in 0.027884 seconds 
========================================================================
Received Import Request.
  Time since last request: 0.000033 seconds.
  path: Assets/Plugins/FMOD/images/CrossYellow.png
  artifactKey: Guid(348d2265b48c67342a4db2a7062813fa) Importer(815301076,1909f56bfc062723c751e8b465ee728b)
Start importing Assets/Plugins/FMOD/images/CrossYellow.png using Guid(348d2265b48c67342a4db2a7062813fa) Importer(815301076,1909f56bfc062723c751e8b465ee728b)  -> (artifact id: '42b00a2651d9be3abf705265631c18aa') in 0.015947 seconds 
========================================================================
Received Import Request.
  Time since last request: 0.000025 seconds.
  path: Assets/Map/d6_udan2.png
  artifactKey: Guid(aa2a8a35aa7c34a47b2973df1d49c0aa) Importer(815301076,1909f56bfc062723c751e8b465ee728b)
Start importing Assets/Map/d6_udan2.png using Guid(aa2a8a35aa7c34a47b2973df1d49c0aa) Importer(815301076,1909f56bfc062723c751e8b465ee728b)  -> (artifact id: '5e7384cc155f411de5325354cdea9708') in 0.021710 seconds 
========================================================================
Received Import Request.
  Time since last request: 2.354606 seconds.
  path: Assets/Map/d6gake_06.png
  artifactKey: Guid(ddfe5fbaad9a01d43bd3c334035556b7) Importer(815301076,1909f56bfc062723c751e8b465ee728b)
Start importing Assets/Map/d6gake_06.png using Guid(ddfe5fbaad9a01d43bd3c334035556b7) Importer(815301076,1909f56bfc062723c751e8b465ee728b)  -> (artifact id: 'e24b0b8ed13df90eb71a2c230506d764') in 0.013835 seconds 
========================================================================
Received Import Request.
  Time since last request: 0.000023 seconds.
  path: Assets/Map/d6yuka_001.png
  artifactKey: Guid(b62af67d4e0012146b8cf4abc7246e1b) Importer(815301076,1909f56bfc062723c751e8b465ee728b)
Start importing Assets/Map/d6yuka_001.png using Guid(b62af67d4e0012146b8cf4abc7246e1b) Importer(815301076,1909f56bfc062723c751e8b465ee728b)  -> (artifact id: '7a4c2981aa16342fb45b99209211d26e') in 0.013923 seconds 
========================================================================
Received Import Request.
  Time since last request: 0.000066 seconds.
  path: Assets/Map/nsandp_lm2.png
  artifactKey: Guid(1db28ac4073c8d148a2a3a4e2e27202d) Importer(815301076,1909f56bfc062723c751e8b465ee728b)
Start importing Assets/Map/nsandp_lm2.png using Guid(1db28ac4073c8d148a2a3a4e2e27202d) Importer(815301076,1909f56bfc062723c751e8b465ee728b)  -> (artifact id: 'bef62039ae946f2f27675c41dfa5d2e0') in 0.016186 seconds 
========================================================================
Received Import Request.
  Time since last request: 0.000045 seconds.
  path: Assets/Samples/High Definition RP/12.1.6/Particle System Shader Samples/Textures/particle_normalmap.png
  artifactKey: Guid(1518ae1992671ad45b09d3b59ee04b3f) Importer(815301076,1909f56bfc062723c751e8b465ee728b)
Start importing Assets/Samples/High Definition RP/12.1.6/Particle System Shader Samples/Textures/particle_normalmap.png using Guid(1518ae1992671ad45b09d3b59ee04b3f) Importer(815301076,1909f56bfc062723c751e8b465ee728b)  -> (artifact id: '1d25a7055b8c196d4c4b7cbcfe02c6a8') in 0.054304 seconds 
========================================================================
Received Import Request.
  Time since last request: 3.652241 seconds.
  path: Assets/Samples/High Definition RP/12.1.6/Particle System Shader Samples/Textures/Flipbook.psd
  artifactKey: Guid(718228fcd21578a46810cbaaad6b7f7b) Importer(815301076,1909f56bfc062723c751e8b465ee728b)
Start importing Assets/Samples/High Definition RP/12.1.6/Particle System Shader Samples/Textures/Flipbook.psd using Guid(718228fcd21578a46810cbaaad6b7f7b) Importer(815301076,1909f56bfc062723c751e8b465ee728b)  -> (artifact id: 'd2fcb1daf71597e74c85b3b1a087503d') in 0.026797 seconds 
========================================================================
Received Import Request.
  Time since last request: 0.335411 seconds.
  path: Assets/Plugins/FMOD/images/LabeledParameterIcon.png
  artifactKey: Guid(b4d696e5c0be6f44bb2f02aa41320656) Importer(815301076,1909f56bfc062723c751e8b465ee728b)
Start importing Assets/Plugins/FMOD/images/LabeledParameterIcon.png using Guid(b4d696e5c0be6f44bb2f02aa41320656) Importer(815301076,1909f56bfc062723c751e8b465ee728b)  -> (artifact id: 'e8831b6add806547f6214da2302dc33c') in 0.015779 seconds 
========================================================================
Received Import Request.
  Time since last request: 0.000035 seconds.
  path: Assets/Map/MapThumbnail.png
  artifactKey: Guid(83bfaaf38b0dc674fbafd6ad4740a814) Importer(815301076,1909f56bfc062723c751e8b465ee728b)
Start importing Assets/Map/MapThumbnail.png using Guid(83bfaaf38b0dc674fbafd6ad4740a814) Importer(815301076,1909f56bfc062723c751e8b465ee728b)  -> (artifact id: '1abe56c1a866c44709791229239780d4') in 0.028146 seconds 
========================================================================
Received Import Request.
  Time since last request: 0.060846 seconds.
  path: Assets/Resources/Sprites/Sharpuch.png
  artifactKey: Guid(c452400e15b7db047922acd3063152b6) Importer(815301076,1909f56bfc062723c751e8b465ee728b)
Start importing Assets/Resources/Sprites/Sharpuch.png using Guid(c452400e15b7db047922acd3063152b6) Importer(815301076,1909f56bfc062723c751e8b465ee728b)  -> (artifact id: '0d9ae6fc9555c66669dc5b554f1b5066') in 0.035766 seconds 
========================================================================
Received Import Request.
  Time since last request: 0.238707 seconds.
  path: Assets/Plugins/FMOD/images/TickGreen.png
  artifactKey: Guid(27533226416c4f549b9bec9c024100f7) Importer(815301076,1909f56bfc062723c751e8b465ee728b)
Start importing Assets/Plugins/FMOD/images/TickGreen.png using Guid(27533226416c4f549b9bec9c024100f7) Importer(815301076,1909f56bfc062723c751e8b465ee728b)  -> (artifact id: '141778c86be328449a9d40562308f851') in 0.014405 seconds 
========================================================================
Received Import Request.
  Time since last request: 0.022407 seconds.
  path: Assets/Plugins/FMOD/images/TransportPlayButtonOff.png
  artifactKey: Guid(29258b1336a580946bc144df00b74ac1) Importer(815301076,1909f56bfc062723c751e8b465ee728b)
Start importing Assets/Plugins/FMOD/images/TransportPlayButtonOff.png using Guid(29258b1336a580946bc144df00b74ac1) Importer(815301076,1909f56bfc062723c751e8b465ee728b)  -> (artifact id: 'aab8fe15cc933073ed997d0e966f2185') in 0.016272 seconds 
========================================================================
Received Import Request.
  Time since last request: 0.294649 seconds.
  path: Assets/Samples/High Definition RP/12.1.6/Particle System Shader Samples/Textures/Unity-1200X630.png
  artifactKey: Guid(82b9a36d252f5e84b910da9686450ea4) Importer(815301076,1909f56bfc062723c751e8b465ee728b)
Start importing Assets/Samples/High Definition RP/12.1.6/Particle System Shader Samples/Textures/Unity-1200X630.png using Guid(82b9a36d252f5e84b910da9686450ea4) Importer(815301076,1909f56bfc062723c751e8b465ee728b)  -> (artifact id: '7ac5434a6183f7b9b75f370459cdbab3') in 0.020345 seconds 
========================================================================
Received Import Request.
  Time since last request: 0.057805 seconds.
  path: Assets/Map/yuka_002.png
  artifactKey: Guid(bb99ba12e9e79af459b4c474ec80b431) Importer(815301076,1909f56bfc062723c751e8b465ee728b)
Start importing Assets/Map/yuka_002.png using Guid(bb99ba12e9e79af459b4c474ec80b431) Importer(815301076,1909f56bfc062723c751e8b465ee728b)  -> (artifact id: 'f3e4eaa6a690d2b044a24f15a469d9f1') in 0.015455 seconds 
========================================================================
Received Prepare
Registering precompiled user dll's ...
Registered in 0.006522 seconds.
Begin MonoManager ReloadAssembly
Native extension for WindowsStandalone target not found
Native extension for WebGL target not found
Refreshing native plugins compatible for Editor in 2.24 ms, found 5 plugins.
Preloading 0 native plugins for Editor in 0.00 ms.
Mono: successfully reloaded assembly
- Completed reload, in  1.363 seconds
Domain Reload Profiling:
	ReloadAssembly (1364ms)
		BeginReloadAssembly (162ms)
			ExecutionOrderSort (0ms)
			DisableScriptedObjects (5ms)
			BackupInstance (0ms)
			ReleaseScriptingObjects (0ms)
			CreateAndSetChildDomain (62ms)
		EndReloadAssembly (1111ms)
			LoadAssemblies (101ms)
			RebuildTransferFunctionScriptingTraits (0ms)
			SetupTypeCache (280ms)
			ReleaseScriptCaches (2ms)
			RebuildScriptCaches (113ms)
			SetupLoadedEditorAssemblies (555ms)
				LogAssemblyErrors (0ms)
				InitializePlatformSupportModulesInManaged (16ms)
				SetLoadedEditorAssemblies (0ms)
				RefreshPlugins (2ms)
				BeforeProcessingInitializeOnLoad (96ms)
				ProcessInitializeOnLoadAttributes (379ms)
				ProcessInitializeOnLoadMethodAttributes (54ms)
				AfterProcessingInitializeOnLoad (7ms)
				EditorAssembliesLoaded (0ms)
			ExecutionOrderSort2 (0ms)
			AwakeInstancesAfterBackupRestoration (10ms)
Platform modules already initialized, skipping
Refreshing native plugins compatible for Editor in 16.36 ms, found 5 plugins.
Preloading 0 native plugins for Editor in 0.00 ms.
Unloading 4837 Unused Serialized files (Serialized files now loaded: 0)
Unloading 199 unused Assets / (12.5 MB). Loaded Objects now: 5313.
Memory consumption went from 327.5 MB to 315.0 MB.
Total: 14.526800 ms (FindLiveObjects: 0.992200 ms CreateObjectMapping: 0.357700 ms MarkObjects: 9.064200 ms  DeleteObjects: 4.107200 ms)

AssetImportParameters requested are different than current active one (requested -> active):
  custom:video-decoder-ogg-theora: a1e56fd34408186e4bbccfd4996cb3dc -> 
  custom:container-muxer-webm: aa71ff27fc2769a1b78a27578f13a17b -> 
  custom:container-demuxer-webm: 4f35f7cbe854078d1ac9338744f61a02 -> 
  custom:video-encoder-webm-vp8: eb34c28f22e8b96e1ab97ce403110664 -> 
  custom:video-codec-MediaFoundation-h265: 746d11721c4dcdbdad8f713fa42b33f4 -> 
  custom:audio-encoder-webm-vorbis: bf7c407c2cedff20999df2af8eb42d56 -> 
  custom:framework-win-MediaFoundation: 216162199b28c13a410421893ffa2e32 -> 
  custom:container-demuxer-ogg: 62fdf1f143b41e24485cea50d1cbac27 -> 
  custom:video-decoder-webm-vp8: 9c59270c3fd7afecdb556c50c9e8de78 -> 
  custom:audio-decoder-ogg-vorbis: bf7c407c2cedff20999df2af8eb42d56 -> 
Editor requested this worker to shutdown with reason: Scaling down because of idle timeout
AssetImportWorker is now disconnected from the server
Process exiting
Exiting without the bug reporter. Application will terminate with return code 0